{"C:\\Users\\BRPC017160\\Desktop\\Porjeto API\\Bank Test\\utils\\authHelper.js": {"path":"C:\\Users\\BRPC017160\\Desktop\\Porjeto API\\Bank Test\\utils\\authHelper.js","statementMap":{"0":{"start":{"line":1,"column":16},"end":{"line":1,"column":36}},"1":{"start":{"line":2,"column":16},"end":{"line":2,"column":40}},"2":{"start":{"line":5,"column":20},"end":{"line":5,"column":65}},"3":{"start":{"line":6,"column":20},"end":{"line":6,"column":56}},"4":{"start":{"line":15,"column":16},"end":{"line":17,"column":34}},"5":{"start":{"line":19,"column":4},"end":{"line":22,"column":5}},"6":{"start":{"line":20,"column":21},"end":{"line":20,"column":82}},"7":{"start":{"line":21,"column":8},"end":{"line":21,"column":80}},"8":{"start":{"line":24,"column":4},"end":{"line":27,"column":6}},"9":{"start":{"line":30,"column":0},"end":{"line":30,"column":38}}},"fnMap":{"0":{"name":"autenticarUsuario","decl":{"start":{"line":14,"column":15},"end":{"line":14,"column":32}},"loc":{"start":{"line":14,"column":50},"end":{"line":28,"column":1}},"line":14}},"branchMap":{"0":{"loc":{"start":{"line":5,"column":20},"end":{"line":5,"column":65}},"type":"binary-expr","locations":[{"start":{"line":5,"column":20},"end":{"line":5,"column":42}},{"start":{"line":5,"column":46},"end":{"line":5,"column":65}}],"line":5},"1":{"loc":{"start":{"line":6,"column":20},"end":{"line":6,"column":56}},"type":"binary-expr","locations":[{"start":{"line":6,"column":20},"end":{"line":6,"column":42}},{"start":{"line":6,"column":46},"end":{"line":6,"column":56}}],"line":6},"2":{"loc":{"start":{"line":19,"column":4},"end":{"line":22,"column":5}},"type":"if","locations":[{"start":{"line":19,"column":4},"end":{"line":22,"column":5}},{"start":{},"end":{}}],"line":19},"3":{"loc":{"start":{"line":19,"column":8},"end":{"line":19,"column":49}},"type":"binary-expr","locations":[{"start":{"line":19,"column":8},"end":{"line":19,"column":30}},{"start":{"line":19,"column":34},"end":{"line":19,"column":49}}],"line":19},"4":{"loc":{"start":{"line":20,"column":21},"end":{"line":20,"column":82}},"type":"binary-expr","locations":[{"start":{"line":20,"column":21},"end":{"line":20,"column":38}},{"start":{"line":20,"column":42},"end":{"line":20,"column":57}},{"start":{"line":20,"column":61},"end":{"line":20,"column":82}}],"line":20}},"s":{"0":1,"1":1,"2":1,"3":1,"4":0,"5":0,"6":0,"7":0,"8":0,"9":1},"f":{"0":0},"b":{"0":[1,0],"1":[1,1],"2":[0,0],"3":[0,0],"4":[0,0,0]},"_coverageSchema":"1a1c01bbd47fc00a2c39e90264f33305004495a9","hash":"da1ad78f55a86cdddd8b27cf109bebac89077986"}
,"C:\\Users\\BRPC017160\\Desktop\\Porjeto API\\Bank Test\\utils\\criaUsuario.js": {"path":"C:\\Users\\BRPC017160\\Desktop\\Porjeto API\\Bank Test\\utils\\criaUsuario.js","statementMap":{"0":{"start":{"line":1,"column":16},"end":{"line":1,"column":36}},"1":{"start":{"line":2,"column":16},"end":{"line":2,"column":40}},"2":{"start":{"line":5,"column":4},"end":{"line":5,"column":76}},"3":{"start":{"line":9,"column":4},"end":{"line":9,"column":63}},"4":{"start":{"line":13,"column":4},"end":{"line":13,"column":81}},"5":{"start":{"line":17,"column":16},"end":{"line":17,"column":26}},"6":{"start":{"line":19,"column":20},"end":{"line":25,"column":5}},"7":{"start":{"line":27,"column":21},"end":{"line":29,"column":22}},"8":{"start":{"line":31,"column":4},"end":{"line":33,"column":5}},"9":{"start":{"line":32,"column":8},"end":{"line":32,"column":103}},"10":{"start":{"line":35,"column":18},"end":{"line":35,"column":45}},"11":{"start":{"line":37,"column":4},"end":{"line":39,"column":5}},"12":{"start":{"line":38,"column":8},"end":{"line":38,"column":76}},"13":{"start":{"line":42,"column":4},"end":{"line":45,"column":6}},"14":{"start":{"line":49,"column":0},"end":{"line":49,"column":34}}},"fnMap":{"0":{"name":"gerarCPF","decl":{"start":{"line":4,"column":9},"end":{"line":4,"column":17}},"loc":{"start":{"line":4,"column":20},"end":{"line":6,"column":1}},"line":4},"1":{"name":"gerarNome","decl":{"start":{"line":8,"column":9},"end":{"line":8,"column":18}},"loc":{"start":{"line":8,"column":21},"end":{"line":10,"column":1}},"line":8},"2":{"name":"gerarEmail","decl":{"start":{"line":12,"column":9},"end":{"line":12,"column":19}},"loc":{"start":{"line":12,"column":22},"end":{"line":14,"column":1}},"line":12},"3":{"name":"criarCadastro","decl":{"start":{"line":16,"column":15},"end":{"line":16,"column":28}},"loc":{"start":{"line":16,"column":31},"end":{"line":46,"column":1}},"line":16}},"branchMap":{"0":{"loc":{"start":{"line":31,"column":4},"end":{"line":33,"column":5}},"type":"if","locations":[{"start":{"line":31,"column":4},"end":{"line":33,"column":5}},{"start":{},"end":{}}],"line":31},"1":{"loc":{"start":{"line":37,"column":4},"end":{"line":39,"column":5}},"type":"if","locations":[{"start":{"line":37,"column":4},"end":{"line":39,"column":5}},{"start":{},"end":{}}],"line":37}},"s":{"0":3,"1":3,"2":7,"3":7,"4":7,"5":7,"6":7,"7":7,"8":7,"9":0,"10":7,"11":7,"12":0,"13":7,"14":3},"f":{"0":7,"1":7,"2":7,"3":7},"b":{"0":[0,7],"1":[0,7]},"_coverageSchema":"1a1c01bbd47fc00a2c39e90264f33305004495a9","hash":"db7037afb80bf0fc007c4a108887d355edafa598"}
,"C:\\Users\\BRPC017160\\Desktop\\Porjeto API\\Bank Test\\utils\\geraCpf.js": {"path":"C:\\Users\\BRPC017160\\Desktop\\Porjeto API\\Bank Test\\utils\\geraCpf.js","statementMap":{"0":{"start":{"line":2,"column":17},"end":{"line":2,"column":52}},"1":{"start":{"line":2,"column":23},"end":{"line":2,"column":52}},"2":{"start":{"line":3,"column":16},"end":{"line":3,"column":47}},"3":{"start":{"line":5,"column":19},"end":{"line":9,"column":5}},"4":{"start":{"line":6,"column":21},"end":{"line":6,"column":80}},"5":{"start":{"line":6,"column":52},"end":{"line":6,"column":76}},"6":{"start":{"line":7,"column":22},"end":{"line":7,"column":31}},"7":{"start":{"line":8,"column":8},"end":{"line":8,"column":42}},"8":{"start":{"line":11,"column":4},"end":{"line":11,"column":30}},"9":{"start":{"line":12,"column":4},"end":{"line":12,"column":30}},"10":{"start":{"line":14,"column":4},"end":{"line":14,"column":24}},"11":{"start":{"line":16,"column":0},"end":{"line":16,"column":35}}},"fnMap":{"0":{"name":"gerarCpfValido","decl":{"start":{"line":1,"column":9},"end":{"line":1,"column":23}},"loc":{"start":{"line":1,"column":26},"end":{"line":15,"column":1}},"line":1},"1":{"name":"(anonymous_1)","decl":{"start":{"line":2,"column":17},"end":{"line":2,"column":18}},"loc":{"start":{"line":2,"column":23},"end":{"line":2,"column":52}},"line":2},"2":{"name":"(anonymous_2)","decl":{"start":{"line":5,"column":19},"end":{"line":5,"column":20}},"loc":{"start":{"line":5,"column":35},"end":{"line":9,"column":5}},"line":5},"3":{"name":"(anonymous_3)","decl":{"start":{"line":6,"column":33},"end":{"line":6,"column":34}},"loc":{"start":{"line":6,"column":52},"end":{"line":6,"column":76}},"line":6}},"branchMap":{"0":{"loc":{"start":{"line":8,"column":15},"end":{"line":8,"column":41}},"type":"cond-expr","locations":[{"start":{"line":8,"column":27},"end":{"line":8,"column":28}},{"start":{"line":8,"column":31},"end":{"line":8,"column":41}}],"line":8}},"s":{"0":2,"1":18,"2":2,"3":2,"4":4,"5":38,"6":4,"7":4,"8":2,"9":2,"10":2,"11":1},"f":{"0":2,"1":18,"2":4,"3":38},"b":{"0":[1,3]},"_coverageSchema":"1a1c01bbd47fc00a2c39e90264f33305004495a9","hash":"0483df2e5e39ac7658eb1ce501f62da58fb068be"}
,"C:\\Users\\BRPC017160\\Desktop\\Porjeto API\\Bank Test\\utils\\gerarEmail.js": {"path":"C:\\Users\\BRPC017160\\Desktop\\Porjeto API\\Bank Test\\utils\\gerarEmail.js","statementMap":{"0":{"start":{"line":2,"column":22},"end":{"line":2,"column":32}},"1":{"start":{"line":3,"column":22},"end":{"line":3,"column":55}},"2":{"start":{"line":4,"column":4},"end":{"line":4,"column":60}},"3":{"start":{"line":7,"column":0},"end":{"line":7,"column":32}}},"fnMap":{"0":{"name":"gerarEmail","decl":{"start":{"line":1,"column":9},"end":{"line":1,"column":19}},"loc":{"start":{"line":1,"column":41},"end":{"line":5,"column":1}},"line":1}},"branchMap":{"0":{"loc":{"start":{"line":1,"column":20},"end":{"line":1,"column":39}},"type":"default-arg","locations":[{"start":{"line":1,"column":30},"end":{"line":1,"column":39}}],"line":1}},"s":{"0":1,"1":1,"2":1,"3":1},"f":{"0":1},"b":{"0":[0]},"_coverageSchema":"1a1c01bbd47fc00a2c39e90264f33305004495a9","hash":"033945f59a57121ec5a79b0afd3fc6d330a5b0af"}
}
