TN:
SF:utils\authHelper.js
FN:14,autenticarUsuario
FNF:1
FNH:0
FNDA:0,autenticarUsuario
DA:1,1
DA:2,1
DA:5,1
DA:6,1
DA:15,0
DA:19,0
DA:20,0
DA:21,0
DA:24,0
DA:30,1
LF:10
LH:5
BRDA:5,0,0,1
BRDA:5,0,1,0
BRDA:6,1,0,1
BRDA:6,1,1,1
BRDA:19,2,0,0
BRDA:19,2,1,0
BRDA:19,3,0,0
BRDA:19,3,1,0
BRDA:20,4,0,0
BRDA:20,4,1,0
BRDA:20,4,2,0
BRF:11
BRH:3
end_of_record
TN:
SF:utils\criaUsuario.js
FN:4,gerarCPF
FN:8,gerarNome
FN:12,gerarEmail
FN:16,criarCadastro
FNF:4
FNH:4
FNDA:7,gerarCPF
FNDA:7,gerarNome
FNDA:7,gerarEmail
FNDA:7,criarCadastro
DA:1,3
DA:2,3
DA:5,7
DA:9,7
DA:13,7
DA:17,7
DA:19,7
DA:27,7
DA:31,7
DA:32,0
DA:35,7
DA:37,7
DA:38,0
DA:42,7
DA:49,3
LF:15
LH:13
BRDA:31,0,0,0
BRDA:31,0,1,7
BRDA:37,1,0,0
BRDA:37,1,1,7
BRF:4
BRH:2
end_of_record
TN:
SF:utils\geraCpf.js
FN:1,gerarCpfValido
FN:2,(anonymous_1)
FN:5,(anonymous_2)
FN:6,(anonymous_3)
FNF:4
FNH:4
FNDA:2,gerarCpfValido
FNDA:18,(anonymous_1)
FNDA:4,(anonymous_2)
FNDA:38,(anonymous_3)
DA:2,18
DA:3,2
DA:5,2
DA:6,38
DA:7,4
DA:8,4
DA:11,2
DA:12,2
DA:14,2
DA:16,1
LF:10
LH:10
BRDA:8,0,0,1
BRDA:8,0,1,3
BRF:2
BRH:2
end_of_record
TN:
SF:utils\gerarEmail.js
FN:1,gerarEmail
FNF:1
FNH:1
FNDA:1,gerarEmail
DA:2,1
DA:3,1
DA:4,1
DA:7,1
LF:4
LH:4
BRDA:1,0,0,0
BRF:1
BRH:0
end_of_record
